Arguments: 
  /usr/bin/node /usr/bin/yarn start

PATH: 
  /home/mufrad/bin:/usr/local/bin:/home/mufrad/.config/composer/vendor/bin:/home/mufrad/bin:/usr/local/bin:/home/mufrad/.config/composer/vendor/bin:/usr/local/sbin:/usr/local/bin:/usr/bin:/usr/lib/jvm/default/bin:/usr/bin/site_perl:/usr/bin/vendor_perl:/usr/bin/core_perl:/usr/lib/jvm/default/bin:/usr/bin/site_perl:/usr/bin/vendor_perl:/usr/bin/core_perl:/home/mufrad/Android/Sdk/emulator:/home/mufrad/Android/Sdk/tools:/home/mufrad/Android/Sdk/tools/bin:/home/mufrad/Android/Sdk/platform-tools:/home/mufrad/Android/Sdk/emulator:/home/mufrad/Android/Sdk/tools:/home/mufrad/Android/Sdk/tools/bin:/home/mufrad/Android/Sdk/platform-tools

Yarn version: 
  1.22.4

Node version: 
  14.5.0

Platform: 
  linux x64

Trace: 
  SyntaxError: /home/mufrad/Dev/React/maulanakurnia.github.io/package.json: Unexpected token < in JSON at position 771
      at JSON.parse (<anonymous>)
      at /usr/lib/node_modules/yarn/lib/cli.js:1625:59
      at Generator.next (<anonymous>)
      at step (/usr/lib/node_modules/yarn/lib/cli.js:310:30)
      at /usr/lib/node_modules/yarn/lib/cli.js:321:13

npm manifest: 
  {
    "name": "maulanakurnia.github.io",
    "version": "0.1.0",
    "private": true,
    "homepage": "https://maulanakurnia.github.io/",
    "dependencies": {
      "@bit/joshk.react-spinners-css.ripple": "^1.2.1",
      "@testing-library/jest-dom": "^4.2.4",
      "@testing-library/react": "^9.3.2",
      "@testing-library/user-event": "^7.1.2",
      "gh-pages": "^3.1.0",
      "react": "^16.13.1",
      "react-dom": "^16.13.1",
      "react-router": "^5.2.0",
      "react-router-dom": "^5.2.0",
      "react-scripts": "3.4.1",
      "semantic-ui-css": "^2.4.1",
      "semantic-ui-react": "^0.88.2",
      "styled-components": "^5.1.1"
    },
    "scripts": {
      "start": "react-scripts start",
      "build": "react-scripts build",
      "test": "react-scripts test",
      "eject": "react-scripts eject",
  <<<<<<< HEAD
      "predeloy": "yarn build",
      "deploy": "gh-pages -d build"
  =======
      "predeloy": "npm run build",
      "deploy": "gh-pages -b master -d  build"
  >>>>>>> 4057e419f71509f9742b2e28e4c5a60b405feba3
    },
    "eslintConfig": {
      "extends": "react-app"
    },
    "browserslist": {
      "production": [
        ">0.2%",
        "not dead",
        "not op_mini all"
      ],
      "development": [
        "last 1 chrome version",
        "last 1 firefox version",
        "last 1 safari version"
      ]
    }
  }

yarn manifest: 
  No manifest

Lockfile: 
  No lockfile
